<?xml version="1.0" encoding="UTF-8"?>
<!-- Generated by org.testng.reporters.JUnitReportReporter -->
<testsuite hostname="LAPTOP-PKI9VOVU" failures="0" tests="1" name="Basic.AmazonTest" time="13.012" errors="0" timestamp="2024-01-23T18:24:21 IST" skipped="0">
  <testcase classname="Basic.AmazonTest" name="amazonTest" time="13.012"/>
  <system-out/>
</testsuite> <!-- Basic.AmazonTest -->
